<?xml version="1.0" encoding="UTF-8"?>
<testsuite name="BandTest" tests="2" skipped="0" failures="0" errors="0" timestamp="2016-05-13T14:07:08" hostname="Thes-iMac.local" time="0.089">
  <properties/>
  <testcase name="Band_bandInstantiatesWithName_Name" classname="BandTest" time="0.083"/>
  <testcase name="Band_bandInstantiatesCorrectly_true" classname="BandTest" time="0.006"/>
  <system-out><![CDATA[]]></system-out>
  <system-err><![CDATA[]]></system-err>
</testsuite>
